nohup: ignoring input
INFO:     Started server process [14544]
INFO:     Waiting for application startup.
INFO:     Application startup complete.
INFO:     Uvicorn running on http://0.0.0.0:8000 (Press CTRL+C to quit)
INFO:fastapi_bridge:[40486d5f] New connection request
INFO:     127.0.0.1:41170 - "WebSocket /ws" [accepted]
INFO:fastapi_bridge:[40486d5f] Connection accepted
INFO:     connection open
INFO:fastapi_bridge:[40486d5f] Connected to OpenClaw
INFO:fastapi_bridge:[40486d5f] Received send request (images=1)
INFO:fastapi_bridge:[40486d5f] Disconnecting OpenClaw client
INFO:     connection closed
INFO:     Shutting down
INFO:     Waiting for application shutdown.
INFO:detection:Shutdown all: stopping detection and stream processes.
INFO:detection:Detection mode stopped.
INFO:detection:Shutdown all complete.
INFO:fastapi_bridge:Backend shutdown complete.
INFO:     Application shutdown complete.
INFO:     Finished server process [14544]
